No files changed, compilation skipped
Script ran successfully.

== Logs ==
  Deploying new Aqua contract...
  Aqua deployed at: 0x9bbD08B89F04f19C2e4ea4Dc826D208510F95c44
  
Deploying ConcentratedAMM...
  ConcentratedAMM deployed at: 0x7dC381faAC64F6547828EAF240aFb9Ca74B7d27A
  
Deploying ConcentratedAMMStrategyBuilder...
  StrategyBuilder deployed at: 0x3c046Df5BeB5b9fFEDFB8b5D67d7AFf289C8e95C
  
========================================
  DEPLOYMENT SUMMARY
  ========================================
  Aqua:             0x9bbD08B89F04f19C2e4ea4Dc826D208510F95c44
  ConcentratedAMM:  0x7dC381faAC64F6547828EAF240aFb9Ca74B7d27A
  StrategyBuilder:  0x3c046Df5BeB5b9fFEDFB8b5D67d7AFf289C8e95C
  ========================================
  
Deployment info saved to: ./deployments/concentrated-amm-latest.json

## Setting up 1 EVM.

==========================

Chain 84532

Estimated gas price: 0.19104449 gwei

Estimated total gas used for script: 4075942

Estimated amount required: 0.00077868626065958 ETH

==========================


==========================

ONCHAIN EXECUTION COMPLETE & SUCCESSFUL.
##
Start verification for (3) contracts
Start verifying contract `0x9bbD08B89F04f19C2e4ea4Dc826D208510F95c44` deployed on base-sepolia
EVM version: cancun
Compiler version: 0.8.30
Optimizations:    200

Submitting verification for [../pseudo-arbitrage-amm/lib/aqua/src/Aqua.sol:Aqua] 0x9bbD08B89F04f19C2e4ea4Dc826D208510F95c44.
Error: Encountered an error verifying this contract:
Response: `NOTOK`
Details:
                        `Too many invalid api key attempts, please try again later`
