No files changed, compilation skipped
Script ran successfully.

== Logs ==
  Using existing Aqua at: 0x9bbD08B89F04f19C2e4ea4Dc826D208510F95c44
  
Deploying PseudoArbitrageAMM...
  PseudoArbitrageAMM deployed at: 0xa124bA58Ee78Ef6399aC1EddC9dC860680CFC7A2
  
========================================
  DEPLOYMENT SUMMARY
  ========================================
  Aqua:                  0x9bbD08B89F04f19C2e4ea4Dc826D208510F95c44
  PseudoArbitrageAMM:    0xa124bA58Ee78Ef6399aC1EddC9dC860680CFC7A2
  ========================================
  
Deployment info saved to: ./deployments/pseudo-arbitrage-amm-latest.json

## Setting up 1 EVM.

==========================

Chain 84532

Estimated gas price: 0.200271632 gwei

Estimated total gas used for script: 2616532

Estimated amount required: 0.000524017133820224 ETH

==========================


==========================

ONCHAIN EXECUTION COMPLETE & SUCCESSFUL.
##
Start verification for (1) contracts
Start verifying contract `0xa124bA58Ee78Ef6399aC1EddC9dC860680CFC7A2` deployed on base-sepolia
EVM version: cancun
Compiler version: 0.8.30
Optimizations:    1000000
Constructor args: 0000000000000000000000009bbd08b89f04f19c2e4ea4dc826d208510f95c44

Submitting verification for [src/strategies/PseudoArbitrageAMM.sol:PseudoArbitrageAMM] 0xa124bA58Ee78Ef6399aC1EddC9dC860680CFC7A2.
Error: Encountered an error verifying this contract:
Response: `NOTOK`
Details:
                        `Too many invalid api key attempts, please try again later`
